<?xml version="1.0" encoding="UTF-8"?>
<!-- Generated by org.testng.reporters.JUnitReportReporter -->
<testsuite hostname="DIVRAJ-2004" failures="0" tests="5" name="runnerfile.saucedemorunnertestng" time="67.885" errors="0" timestamp="2025-04-02T11:13:30 IST" skipped="0">
  <testcase classname="runnerfile.saucedemorunnertestng" name="runScenario" time="10.946"/>
  <testcase classname="runnerfile.saucedemorunnertestng" name="runScenario" time="10.408"/>
  <testcase classname="runnerfile.saucedemorunnertestng" name="runScenario" time="11.852"/>
  <testcase classname="runnerfile.saucedemorunnertestng" name="runScenario" time="22.448"/>
  <testcase classname="runnerfile.saucedemorunnertestng" name="runScenario" time="12.231"/>
</testsuite> <!-- runnerfile.saucedemorunnertestng -->
