<?xml version="1.0" encoding="UTF-8"?>
<!-- Generated by org.testng.reporters.JUnitReportReporter -->
<testsuite hostname="DIVRAJ-2004" failures="0" tests="3" name="runnerfile.outlinerunner" time="51.149" errors="0" timestamp="2025-04-02T17:08:05 IST" skipped="0">
  <testcase classname="runnerfile.outlinerunner" name="runScenario" time="13.374"/>
  <testcase classname="runnerfile.outlinerunner" name="runScenario" time="10.005"/>
  <testcase classname="runnerfile.outlinerunner" name="runScenario" time="27.770"/>
</testsuite> <!-- runnerfile.outlinerunner -->
