<?xml version="1.0" encoding="UTF-8"?>
<!-- Generated by org.testng.reporters.JUnitReportReporter -->
<testsuite hostname="DIVRAJ-2004" failures="0" tests="1" name="runnerfile.datatablerunner" time="13.331" errors="0" timestamp="2025-04-03T12:32:44 IST" skipped="0">
  <testcase classname="runnerfile.datatablerunner" name="runScenario" time="13.331"/>
</testsuite> <!-- runnerfile.datatablerunner -->
