<?xml version="1.0" encoding="UTF-8"?>
<!-- Generated by org.testng.reporters.JUnitReportReporter -->
<testsuite hostname="DIVRAJ-2004" failures="0" tests="5" name="runnerfile.saucedemorunnertestng" time="50.041" errors="0" timestamp="2025-04-02T10:31:31 IST" skipped="0">
  <testcase classname="runnerfile.saucedemorunnertestng" name="runScenario" time="13.225"/>
  <testcase classname="runnerfile.saucedemorunnertestng" name="runScenario" time="9.008"/>
  <testcase classname="runnerfile.saucedemorunnertestng" name="runScenario" time="8.760"/>
  <testcase classname="runnerfile.saucedemorunnertestng" name="runScenario" time="9.404"/>
  <testcase classname="runnerfile.saucedemorunnertestng" name="runScenario" time="9.644"/>
</testsuite> <!-- runnerfile.saucedemorunnertestng -->
