<?xml version="1.0" encoding="UTF-8"?>
<!-- Generated by org.testng.reporters.JUnitReportReporter -->
<testsuite hostname="DIVRAJ-2004" failures="0" tests="6" name="runnerfile.Orangerunner" time="69.695" errors="0" timestamp="2025-04-02T22:08:44 IST" skipped="0">
  <testcase classname="runnerfile.Orangerunner" name="runScenario" time="11.076"/>
  <testcase classname="runnerfile.Orangerunner" name="runScenario" time="11.649"/>
  <testcase classname="runnerfile.Orangerunner" name="runScenario" time="12.542"/>
  <testcase classname="runnerfile.Orangerunner" name="runScenario" time="11.134"/>
  <testcase classname="runnerfile.Orangerunner" name="runScenario" time="9.249"/>
  <testcase classname="runnerfile.Orangerunner" name="runScenario" time="14.045"/>
</testsuite> <!-- runnerfile.Orangerunner -->
