<?xml version="1.0" encoding="UTF-8"?>
<!-- Generated by org.testng.reporters.JUnitReportReporter -->
<testsuite hostname="DIVRAJ-2004" failures="0" tests="1" name="runnerfile.datatablerunner" time="15.849" errors="0" timestamp="2025-04-03T12:38:46 IST" skipped="0">
  <testcase classname="runnerfile.datatablerunner" name="runScenario" time="15.849"/>
</testsuite> <!-- runnerfile.datatablerunner -->
