<?xml version="1.0" encoding="UTF-8"?>
<!-- Generated by org.testng.reporters.JUnitReportReporter -->
<testsuite hostname="DIVRAJ-2004" failures="0" tests="5" name="runnerfile.saucedemorunnertestng" time="47.799" errors="0" timestamp="2025-04-01T21:19:05 IST" skipped="0">
  <testcase classname="runnerfile.saucedemorunnertestng" name="runScenario" time="10.638"/>
  <testcase classname="runnerfile.saucedemorunnertestng" name="runScenario" time="8.879"/>
  <testcase classname="runnerfile.saucedemorunnertestng" name="runScenario" time="8.525"/>
  <testcase classname="runnerfile.saucedemorunnertestng" name="runScenario" time="10.464"/>
  <testcase classname="runnerfile.saucedemorunnertestng" name="runScenario" time="9.293"/>
</testsuite> <!-- runnerfile.saucedemorunnertestng -->
